--------------------------------------------------------------------------------------------------------------------------
|               Feature               |                                      Value                                       |
==========================================================================================================================
| Dense_size                          | [128, 32]                                                                        |
--------------------------------------------------------------------------------------------------------------------------
| Filter_shape_dim1                   | [3, 3]                                                                           |
--------------------------------------------------------------------------------------------------------------------------
| Filter_shape_dim2                   | [3, 3]                                                                           |
--------------------------------------------------------------------------------------------------------------------------
| N_test                              | 128                                                                              |
--------------------------------------------------------------------------------------------------------------------------
| Pool_shape_dim1                     | [2, 2]                                                                           |
--------------------------------------------------------------------------------------------------------------------------
| Pool_shape_dim2                     | [2, 2]                                                                           |
--------------------------------------------------------------------------------------------------------------------------
| Regularization_term                 | 0.001                                                                            |
--------------------------------------------------------------------------------------------------------------------------
| augment_by_track                    | False                                                                            |
--------------------------------------------------------------------------------------------------------------------------
| augment_by_track_local_count        | 4                                                                                |
--------------------------------------------------------------------------------------------------------------------------
| augment_by_track_offset             | 16                                                                               |
--------------------------------------------------------------------------------------------------------------------------
| augment_func_list                   | ['normal', 'gaussian_filt', 'flip_image']                                        |
--------------------------------------------------------------------------------------------------------------------------
| augment_normal_mean                 | 0.0                                                                              |
--------------------------------------------------------------------------------------------------------------------------
| augment_normal_std                  | 1.0                                                                              |
--------------------------------------------------------------------------------------------------------------------------
| augment_repeat                      | 1                                                                                |
--------------------------------------------------------------------------------------------------------------------------
| batch_size                          | 64                                                                               |
--------------------------------------------------------------------------------------------------------------------------
| batch_size_eval                     | 2000                                                                             |
--------------------------------------------------------------------------------------------------------------------------
| callback                            | plateau                                                                          |
--------------------------------------------------------------------------------------------------------------------------
| clip_grad_norm                      | 0.1                                                                              |
--------------------------------------------------------------------------------------------------------------------------
| config                              | ./configs/radar.json                                                             |
--------------------------------------------------------------------------------------------------------------------------
| data_name                           | radar                                                                            |
--------------------------------------------------------------------------------------------------------------------------
| drop_geolocation                    | False                                                                            |
--------------------------------------------------------------------------------------------------------------------------
| dropout                             | 0.1                                                                              |
--------------------------------------------------------------------------------------------------------------------------
| eval_freq                           | 10                                                                               |
--------------------------------------------------------------------------------------------------------------------------
| exp_name                            | CNN Baseline                                                                     |
--------------------------------------------------------------------------------------------------------------------------
| hidden_size                         | [16, 32]                                                                         |
--------------------------------------------------------------------------------------------------------------------------
| learning_rate                       | 1e-05                                                                            |
--------------------------------------------------------------------------------------------------------------------------
| model_input_dim                     | [126, 32, 1]                                                                     |
--------------------------------------------------------------------------------------------------------------------------
| model_name                          | cnn-baseline                                                                     |
--------------------------------------------------------------------------------------------------------------------------
| model_output_dim                    | 1                                                                                |
--------------------------------------------------------------------------------------------------------------------------
| moving_average_coefficient          | 0.99                                                                             |
--------------------------------------------------------------------------------------------------------------------------
| num_epochs                          | 10                                                                               |
--------------------------------------------------------------------------------------------------------------------------
| run_name                            | radar-classification                                                             |
--------------------------------------------------------------------------------------------------------------------------
| seed                                | 416628                                                                           |
--------------------------------------------------------------------------------------------------------------------------
| segments_per_aux_track              | 3                                                                                |
--------------------------------------------------------------------------------------------------------------------------
| stable_mode                         | False                                                                            |
--------------------------------------------------------------------------------------------------------------------------
| tag_name                            | v1.0                                                                             |
--------------------------------------------------------------------------------------------------------------------------
| tensor_board_dir                    | results/CNN Baseline/radar/radar-classification/v1.0/2020-08-21_22-47-07_416628  |
--------------------------------------------------------------------------------------------------------------------------
| trainer_name                        | classification                                                                   |
--------------------------------------------------------------------------------------------------------------------------
| weight_decay                        | 0.0                                                                              |
--------------------------------------------------------------------------------------------------------------------------
| with_TNSE                           | False                                                                            |
--------------------------------------------------------------------------------------------------------------------------


